This is pdfTeX, Version 3.14159265-2.6-1.40.16 (TeX Live 2015/Debian) (preloaded format=pdflatex 2018.5.15)  4 JUN 2018 22:18
entering extended mode
 restricted \write18 enabled.
 %&-line parsing enabled.
**vldb_sample.tex
(./vldb_sample.tex
LaTeX2e <2016/02/01>
Babel <3.9q> and hyphenation patterns for 3 language(s) loaded.
(./vldb.cls (/usr/share/texlive/texmf-dist/tex/latex/geometry/geometry.sty
Package: geometry 2010/09/12 v5.6 Page Geometry

(/usr/share/texlive/texmf-dist/tex/latex/graphics/keyval.sty
Package: keyval 2014/10/28 v1.15 key=value parser (DPC)
\KV@toks@=\toks14
)
(/usr/share/texlive/texmf-dist/tex/generic/oberdiek/ifpdf.sty
Package: ifpdf 2011/01/30 v2.3 Provides the ifpdf switch (HO)
Package ifpdf Info: pdfTeX in PDF mode is detected.
)
(/usr/share/texlive/texmf-dist/tex/generic/oberdiek/ifvtex.sty
Package: ifvtex 2010/03/01 v1.5 Detect VTeX and its facilities (HO)
Package ifvtex Info: VTeX not detected.
)
(/usr/share/texlive/texmf-dist/tex/generic/ifxetex/ifxetex.sty
Package: ifxetex 2010/09/12 v0.6 Provides ifxetex conditional
)
\Gm@cnth=\count79
\Gm@cntv=\count80
\c@Gm@tempcnt=\count81
\Gm@bindingoffset=\dimen102
\Gm@wd@mp=\dimen103
\Gm@odd@mp=\dimen104
\Gm@even@mp=\dimen105
\Gm@layoutwidth=\dimen106
\Gm@layoutheight=\dimen107
\Gm@layouthoffset=\dimen108
\Gm@layoutvoffset=\dimen109
\Gm@dimlist=\toks15
)
(/usr/share/texlive/texmf-dist/tex/latex/graphics/epsfig.sty
Package: epsfig 1999/02/16 v1.7a (e)psfig emulation (SPQR)

(/usr/share/texlive/texmf-dist/tex/latex/graphics/graphicx.sty
Package: graphicx 2014/10/28 v1.0g Enhanced LaTeX Graphics (DPC,SPQR)

(/usr/share/texlive/texmf-dist/tex/latex/graphics/graphics.sty
Package: graphics 2016/01/03 v1.0q Standard LaTeX Graphics (DPC,SPQR)

(/usr/share/texlive/texmf-dist/tex/latex/graphics/trig.sty
Package: trig 2016/01/03 v1.10 sin cos tan (DPC)
)
(/usr/share/texlive/texmf-dist/tex/latex/latexconfig/graphics.cfg
File: graphics.cfg 2010/04/23 v1.9 graphics configuration of TeX Live
)
Package graphics Info: Driver file: pdftex.def on input line 95.

(/usr/share/texlive/texmf-dist/tex/latex/pdftex-def/pdftex.def
File: pdftex.def 2011/05/27 v0.06d Graphics/color for pdfTeX

(/usr/share/texlive/texmf-dist/tex/generic/oberdiek/infwarerr.sty
Package: infwarerr 2010/04/08 v1.3 Providing info/warning/error messages (HO)
)
(/usr/share/texlive/texmf-dist/tex/generic/oberdiek/ltxcmds.sty
Package: ltxcmds 2011/11/09 v1.22 LaTeX kernel commands for general use (HO)
)
\Gread@gobject=\count82
))
\Gin@req@height=\dimen110
\Gin@req@width=\dimen111
)
\epsfxsize=\dimen112
\epsfysize=\dimen113
)
(/usr/share/texlive/texmf-dist/tex/latex/amsfonts/amssymb.sty
Package: amssymb 2013/01/14 v3.01 AMS font symbols

(/usr/share/texlive/texmf-dist/tex/latex/amsfonts/amsfonts.sty
Package: amsfonts 2013/01/14 v3.01 Basic AMSFonts support
\@emptytoks=\toks16
\symAMSa=\mathgroup4
\symAMSb=\mathgroup5
LaTeX Font Info:    Overwriting math alphabet `\mathfrak' in version `bold'
(Font)                  U/euf/m/n --> U/euf/b/n on input line 106.
))
(/usr/share/texlive/texmf-dist/tex/latex/amsmath/amsmath.sty
Package: amsmath 2016/03/03 v2.15a AMS math features
\@mathmargin=\skip41

For additional information on amsmath, use the `?' option.
(/usr/share/texlive/texmf-dist/tex/latex/amsmath/amstext.sty
Package: amstext 2000/06/29 v2.01 AMS text

(/usr/share/texlive/texmf-dist/tex/latex/amsmath/amsgen.sty
File: amsgen.sty 1999/11/30 v2.0 generic functions
\@emptytoks=\toks17
\ex@=\dimen114
))
(/usr/share/texlive/texmf-dist/tex/latex/amsmath/amsbsy.sty
Package: amsbsy 1999/11/29 v1.2d Bold Symbols
\pmbraise@=\dimen115
)
(/usr/share/texlive/texmf-dist/tex/latex/amsmath/amsopn.sty
Package: amsopn 1999/12/14 v2.01 operator names
)
\inf@bad=\count83
LaTeX Info: Redefining \frac on input line 199.
\uproot@=\count84
\leftroot@=\count85
LaTeX Info: Redefining \overline on input line 297.
\classnum@=\count86
\DOTSCASE@=\count87
LaTeX Info: Redefining \ldots on input line 394.
LaTeX Info: Redefining \dots on input line 397.
LaTeX Info: Redefining \cdots on input line 518.
\Mathstrutbox@=\box26
\strutbox@=\box27
\big@size=\dimen116
LaTeX Font Info:    Redeclaring font encoding OML on input line 630.
LaTeX Font Info:    Redeclaring font encoding OMS on input line 631.
\macc@depth=\count88
\c@MaxMatrixCols=\count89
\dotsspace@=\muskip10
\c@parentequation=\count90
\dspbrk@lvl=\count91
\tag@help=\toks18
\row@=\count92
\column@=\count93
\maxfields@=\count94
\andhelp@=\toks19
\eqnshift@=\dimen117
\alignsep@=\dimen118
\tagshift@=\dimen119
\tagwidth@=\dimen120
\totwidth@=\dimen121
\lineht@=\dimen122
\@envbody=\toks20
\multlinegap=\skip42
\multlinetaggap=\skip43
\mathdisplay@stack=\toks21
LaTeX Info: Redefining \[ on input line 2735.
LaTeX Info: Redefining \] on input line 2736.
)
Document Class 'vldb' - based on 'sig-alternate' <26th. July '05>. Modified by 
G.K.M. Tobin/Gerry Murray
Based in part upon document Style `acmconf' <22 May 89>. Hacked 4/91 by
shivers@cs.cmu.edu, 4/93 by theobald@cs.mcgill.ca
Excerpts were taken from (Journal Style) 'esub2acm.cls'.
****** Bugs/comments/suggestions/technicalities to Gerry Murray -- murray@hq.ac
m.org ******
Questions on the style, SIGS policies, etc. to Adrienne Griscti griscti@acm.org

\footheight=\dimen123
\@maxsep=\dimen124
\@dblmaxsep=\dimen125
\aucount=\count95
\originalaucount=\count96
\auwidth=\dimen126
\auskip=\dimen127
\auskipcount=\count97
\auskip=\dimen128
\allauboxes=\dimen129
\addauthors=\toks22
\addauflag=\count98
\subtitletext=\toks23
\savesection=\count99
\sectioncntr=\count100
\c@figure=\count101
\c@table=\count102
\titleboxnotes=\toks24
\titleboxnoteflag=\count103
Document Class: vldb 2010/10/19 - V1.8b - based on sig-alternate V1.8 - based o
n acmproc.cls V1.3 <Nov. 30 '99>
(/usr/share/texlive/texmf-dist/tex/latex/base/latexsym.sty
Package: latexsym 1998/08/17 v2.2e Standard LaTeX package (lasy symbols)
\symlasy=\mathgroup6
LaTeX Font Info:    Overwriting symbol font `lasy' in version `bold'
(Font)                  U/lasy/m/n --> U/lasy/b/n on input line 52.
)
\@acmtitlebox=\box28
\titlenotecount=\count104
\tntoks=\toks25
\tntokstwo=\toks26
\tntoksthree=\toks27
\tntoksfour=\toks28
\tntoksfive=\toks29
\catcount=\count105
\copyrightnotice=\toks30
\conf=\toks31
\confinfo=\toks32
\c@part=\count106
\c@section=\count107
\c@subsection=\count108
\c@subsubsection=\count109
\c@paragraph=\count110

Using 'Abbrev' bibliography style
\bibindent=\dimen130
\colcntr=\count111
\savebox=\box29
\copyrtyr=\toks33
\acmcopyr=\toks34
\boilerplate=\toks35
\copyrightetc=\toks36
) (/usr/share/texlive/texmf-dist/tex/latex/preprint/balance.sty
Package: balance 1999/02/23 4.3 (PWD)
\oldvsize=\dimen131
)
(/usr/share/texlive/texmf-dist/tex/latex/listings/listings.sty
\lst@mode=\count112
\lst@gtempboxa=\box30
\lst@token=\toks37
\lst@length=\count113
\lst@currlwidth=\dimen132
\lst@column=\count114
\lst@pos=\count115
\lst@lostspace=\dimen133
\lst@width=\dimen134
\lst@newlines=\count116
\lst@lineno=\count117
\abovecaptionskip=\skip44
\belowcaptionskip=\skip45
\lst@maxwidth=\dimen135

(/usr/share/texlive/texmf-dist/tex/latex/listings/lstmisc.sty
File: lstmisc.sty 2015/06/04 1.6 (Carsten Heinz)
\c@lstnumber=\count118
\lst@skipnumbers=\count119
\lst@framebox=\box31
)
(/usr/share/texlive/texmf-dist/tex/latex/listings/listings.cfg
File: listings.cfg 2015/06/04 1.6 listings configuration
))
Package: listings 2015/06/04 1.6 (Carsten Heinz)

(/usr/share/texlive/texmf-dist/tex/latex/comment/comment.sty
\CommentStream=\write3

Excluding comment 'comment')
(/usr/share/texlive/texmf-dist/tex/latex/booktabs/booktabs.sty
Package: booktabs 2005/04/14 v1.61803 publication quality tables
\heavyrulewidth=\dimen136
\lightrulewidth=\dimen137
\cmidrulewidth=\dimen138
\belowrulesep=\dimen139
\belowbottomsep=\dimen140
\aboverulesep=\dimen141
\abovetopsep=\dimen142
\cmidrulesep=\dimen143
\cmidrulekern=\dimen144
\defaultaddspace=\dimen145
\@cmidla=\count120
\@cmidlb=\count121
\@aboverulesep=\dimen146
\@belowrulesep=\dimen147
\@thisruleclass=\count122
\@lastruleclass=\count123
\@thisrulewidth=\dimen148
)
(/usr/share/texlive/texmf-dist/tex/latex/subfig/subfig.sty
Package: subfig 2005/06/28 ver: 1.3 subfig package


Package subfig Warning: Your document class has a bad definition
 of \endfigure, most likely
 \let\endfigure=\end@float
 which has now been changed to
 \def\endfigure{\end@float}
 because otherwise subsequent changes to \end@float
 (like done by several packages changing float behaviour)
 can't take effect on \endfigure.
 Please complain to your document class author.


Package subfig Warning: Your document class has a bad definition
 of \endtable, most likely
 \let\endtable=\end@float
 which has now been changed to
 \def\endtable{\end@float}
 because otherwise subsequent changes to \end@float
 (like done by several packages changing float behaviour)
 can't take effect on \endtable.
 Please complain to your document class author.

(/usr/share/texlive/texmf-dist/tex/latex/caption/caption3.sty
Package: caption3 2016/02/04 v1.7-139 caption3 kernel (AR)
Package caption3 Info: TeX engine: e-TeX on input line 67.
\captionmargin=\dimen149
\captionmargin@=\dimen150
\captionwidth=\dimen151
\caption@tempdima=\dimen152
\caption@indent=\dimen153
\caption@parindent=\dimen154
\caption@hangindent=\dimen155
Package caption Info: Unknown document class (or package),
(caption)             standard defaults will be used.
)
\c@KVtest=\count124
\sf@farskip=\skip46
\sf@captopadj=\dimen156
\sf@capskip=\skip47
\sf@nearskip=\skip48
\c@subfigure=\count125
\c@subfigure@save=\count126
\c@lofdepth=\count127
\c@subtable=\count128
\c@subtable@save=\count129
\c@lotdepth=\count130
\sf@top=\skip49
\sf@bottom=\skip50
)
(/usr/share/texlive/texmf-dist/tex/latex/multirow/multirow.sty
\bigstrutjot=\dimen157
)
(/usr/share/texlive/texmf-dist/tex/latex/algorithm2e/algorithm2e.sty
Package: algorithm2e 2013/01/06 v5.00 algorithms environments
\c@AlgoLine=\count131

(/usr/share/texlive/texmf-dist/tex/latex/base/ifthen.sty
Package: ifthen 2014/09/29 v1.1c Standard LaTeX ifthen package (DPC)
)
\algocf@hangindent=\skip51

(/usr/share/texlive/texmf-dist/tex/latex/tools/xspace.sty
Package: xspace 2014/10/28 v1.13 Space after command names (DPC,MH)
)
(/usr/share/texlive/texmf-dist/tex/latex/relsize/relsize.sty
Package: relsize 2013/03/29 ver 4.1
)
********************************************************
Package `algorithm2e' Release 5.1 -- october 19 2015 --
- algorithm2e-announce@lirmm.fr mailing list for announcement about releases
- algorithm2e-discussion@lirmm.fr mailing list for discussion about package
subscribe by emailing sympa@lirmm.fr with 'subscribe <list> <firstname name>'
- Author: Christophe Fiorio (christophe.fiorio@umontpellier.fr)
********************************************************
\skiptotal=\skip52
\skiplinenumber=\skip53
\skiprule=\skip54
\skiphlne=\skip55
\skiptext=\skip56
\skiplength=\skip57
\algomargin=\skip58
\skipalgocfslide=\skip59
\algowidth=\dimen158
\inoutsize=\dimen159
\inoutindent=\dimen160
\interspacetitleruled=\dimen161
\interspacealgoruled=\dimen162
\interspacetitleboxruled=\dimen163
\algocf@ruledwidth=\skip60
\algocf@inoutbox=\box32
\algocf@inputbox=\box33
\AlCapSkip=\skip61
\AlCapHSkip=\skip62
\algoskipindent=\skip63
\algocf@nlbox=\box34
\algocf@hangingbox=\box35
\algocf@untilbox=\box36
\algocf@skipuntil=\skip64
\algocf@capbox=\box37
\algoheightruledefault=\skip65
\algoheightrule=\skip66
\algotitleheightruledefault=\skip67
\algotitleheightrule=\skip68
\c@algocfline=\count132
\c@algocfproc=\count133
\c@algocf=\count134
\algocf@algoframe=\box38
\algocf@algobox=\box39
) (/usr/share/texlive/texmf-dist/tex/latex/enumitem/enumitem.sty
Package: enumitem 2011/09/28 v3.5.2 Customized lists
\labelindent=\skip69
\enit@outerparindent=\dimen164
\enit@toks=\toks38
\enit@inbox=\box40
\enitdp@description=\count135
)
(/usr/share/texlive/texmf-dist/tex/latex/graphics/color.sty
Package: color 2016/01/03 v1.1b Standard LaTeX Color (DPC)

(/usr/share/texlive/texmf-dist/tex/latex/latexconfig/color.cfg
File: color.cfg 2007/01/18 v1.5 color configuration of teTeX/TeXLive
)
Package color Info: Driver file: pdftex.def on input line 143.
)
\c@definition=\count136
\c@theorem=\count137

(./vldb_sample.aux

LaTeX Warning: Label `fig:single-scalability' multiply defined.


LaTeX Warning: Label `fig:dist-scalability' multiply defined.


LaTeX Warning: Label `sec:expr:scale' multiply defined.

)
\openout1 = `vldb_sample.aux'.

LaTeX Font Info:    Checking defaults for OML/cmm/m/it on input line 37.
LaTeX Font Info:    ... okay on input line 37.
LaTeX Font Info:    Checking defaults for T1/cmr/m/n on input line 37.
LaTeX Font Info:    ... okay on input line 37.
LaTeX Font Info:    Checking defaults for OT1/cmr/m/n on input line 37.
LaTeX Font Info:    ... okay on input line 37.
LaTeX Font Info:    Checking defaults for OMS/cmsy/m/n on input line 37.
LaTeX Font Info:    ... okay on input line 37.
LaTeX Font Info:    Checking defaults for OMX/cmex/m/n on input line 37.
LaTeX Font Info:    ... okay on input line 37.
LaTeX Font Info:    Checking defaults for U/cmr/m/n on input line 37.
LaTeX Font Info:    ... okay on input line 37.

*geometry* detected driver: pdftex
*geometry* verbose mode - [ preamble ] result:
* driver: pdftex
* paper: letterpaper
* layout: <same size as paper>
* layoutoffset:(h,v)=(0.0pt,0.0pt)
* modes: twoside 
* h-part:(L,W,R)=(92.14519pt, 430.00462pt, 92.14519pt)
* v-part:(T,H,B)=(95.39737pt, 556.47656pt, 143.09605pt)
* \paperwidth=614.295pt
* \paperheight=794.96999pt
* \textwidth=504.0pt
* \textheight=666.0pt
* \oddsidemargin=-18.26999pt
* \evensidemargin=-18.26999pt
* \topmargin=-55.26999pt
* \headheight=12.0pt
* \headsep=25.0pt
* \topskip=10.0pt
* \footskip=30.0pt
* \marginparwidth=0.0pt
* \marginparsep=11.0pt
* \columnsep=24.0pt
* \skip\footins=8.1pt plus 4.0pt minus 2.0pt
* \hoffset=0.0pt
* \voffset=0.0pt
* \mag=1000
* \@twocolumntrue
* \@twosidetrue
* \@mparswitchtrue
* \@reversemarginfalse
* (1in=72.27pt=25.4mm, 1cm=28.453pt)

(/usr/share/texlive/texmf-dist/tex/context/base/supp-pdf.mkii
[Loading MPS to PDF converter (version 2006.09.02).]
\scratchcounter=\count138
\scratchdimen=\dimen165
\scratchbox=\box41
\nofMPsegments=\count139
\nofMParguments=\count140
\everyMPshowfont=\toks39
\MPscratchCnt=\count141
\MPscratchDim=\dimen166
\MPnumerator=\count142
\makeMPintoPDFobject=\count143
\everyMPtoPDFconversion=\toks40
) (/usr/share/texlive/texmf-dist/tex/generic/oberdiek/pdftexcmds.sty
Package: pdftexcmds 2011/11/29 v0.20 Utility functions of pdfTeX for LuaTeX (HO
)

(/usr/share/texlive/texmf-dist/tex/generic/oberdiek/ifluatex.sty
Package: ifluatex 2010/03/01 v1.3 Provides the ifluatex switch (HO)
Package ifluatex Info: LuaTeX not detected.
)
Package pdftexcmds Info: LuaTeX not detected.
Package pdftexcmds Info: \pdf@primitive is available.
Package pdftexcmds Info: \pdf@ifprimitive is available.
Package pdftexcmds Info: \pdfdraftmode found.
)
(/usr/share/texlive/texmf-dist/tex/latex/oberdiek/epstopdf-base.sty
Package: epstopdf-base 2010/02/09 v2.5 Base part for package epstopdf

(/usr/share/texlive/texmf-dist/tex/latex/oberdiek/grfext.sty
Package: grfext 2010/08/19 v1.1 Manage graphics extensions (HO)

(/usr/share/texlive/texmf-dist/tex/generic/oberdiek/kvdefinekeys.sty
Package: kvdefinekeys 2011/04/07 v1.3 Define keys (HO)
))
(/usr/share/texlive/texmf-dist/tex/latex/oberdiek/kvoptions.sty
Package: kvoptions 2011/06/30 v3.11 Key value format for package options (HO)

(/usr/share/texlive/texmf-dist/tex/generic/oberdiek/kvsetkeys.sty
Package: kvsetkeys 2012/04/25 v1.16 Key value parser (HO)

(/usr/share/texlive/texmf-dist/tex/generic/oberdiek/etexcmds.sty
Package: etexcmds 2011/02/16 v1.5 Avoid name clashes with e-TeX commands (HO)
Package etexcmds Info: Could not find \expanded.
(etexcmds)             That can mean that you are not using pdfTeX 1.50 or
(etexcmds)             that some package has redefined \expanded.
(etexcmds)             In the latter case, load this package earlier.
)))
Package grfext Info: Graphics extension search list:
(grfext)             [.png,.pdf,.jpg,.mps,.jpeg,.jbig2,.jb2,.PNG,.PDF,.JPG,.JPE
G,.JBIG2,.JB2,.eps]
(grfext)             \AppendGraphicsExtensions on input line 452.

(/usr/share/texlive/texmf-dist/tex/latex/latexconfig/epstopdf-sys.cfg
File: epstopdf-sys.cfg 2010/07/13 v1.3 Configuration of (r)epstopdf for TeX Liv
e
))
\c@lstlisting=\count144
Package caption Info: Begin \AtBeginDocument code.
Package caption Info: subfig package v1.3 is loaded.
Package caption Info: End \AtBeginDocument code.
LaTeX Font Info:    Try loading font information for U+msa on input line 134.

(/usr/share/texlive/texmf-dist/tex/latex/amsfonts/umsa.fd
File: umsa.fd 2013/01/14 v3.01 AMS symbols A
)
LaTeX Font Info:    Try loading font information for U+msb on input line 134.

(/usr/share/texlive/texmf-dist/tex/latex/amsfonts/umsb.fd
File: umsb.fd 2013/01/14 v3.01 AMS symbols B
)
LaTeX Font Info:    Try loading font information for U+lasy on input line 134.

(/usr/share/texlive/texmf-dist/tex/latex/base/ulasy.fd
File: ulasy.fd 1998/08/17 v2.2e LaTeX symbol font definitions
)
Overfull \hbox (10.71196pt too wide) in paragraph at lines 134--134
 []\eaddfnt lleipuner@researchlabs.org| 
 []


Overfull \hbox (7.05359pt too wide) in paragraph at lines 138--138
\OT1/cmr/m/n/8 Ben Trovato, G. K. M. To-bin, Lars Th\OT1/cmss/m/n/8 ^^\\OT1/cmr
/m/n/8 rv$[]$ld, Lawrence P. Leipuner,
 []

(./introduction.tex

LaTeX Warning: Citation `socialite' on page 1 undefined on input line 9.


LaTeX Warning: Citation `bigdatalog' on page 1 undefined on input line 9.

[1{/var/lib/texmf/fonts/map/pdftex/updmap/pdftex.map}


]

LaTeX Warning: Citation `distribute aggregate from ms' on page 2 undefined on i
nput line 22.


Underfull \vbox (badness 10000) has occurred while \output is active []

)
(./aggr.tex
Overfull \hbox (10.76543pt too wide) in paragraph at lines 4--5
[]\OT1/cmr/m/n/9 A \OT1/cmr/m/it/9 se-quen-tial \OT1/cmr/m/n/9 com-pu-ta-tion (
as op-posed to par-al-lel/dis-tributed
 []

[2]
Overfull \hbox (9.8407pt too wide) in paragraph at lines 25--26
[]\OT1/cmr/m/n/9 Note that, the ag-gre-gate and non-aggregate op-er-a-tion shou
ld
 []


Overfull \hbox (2.37576pt too wide) in paragraph at lines 27--28
[]\OT1/cmr/bx/n/9 Parallelization\OT1/cmr/m/n/9 :Non-aggregate op-er-a-tion $\O
ML/cmm/m/it/9 f$ \OT1/cmr/m/n/9 only takes one
 []


Overfull \hbox (5.36354pt too wide) in paragraph at lines 36--38
\OT1/cmr/m/n/9 tion $\OMS/cmsy/m/n/9 f\OML/cmm/m/it/9 y[]; y[]; [] ; y[]\OMS/cm
sy/m/n/9 g$\OT1/cmr/m/n/9 and $\OML/cmm/m/it/9 X$ \OT1/cmr/m/n/9 de-note the in
-puts of non-aggregate
 []


Overfull \hbox (4.81769pt too wide) in paragraph at lines 47--48
[]\OT1/cmr/bx/n/9 Example 1: SSSP \OT1/cmr/m/n/9 The sin-gle source short-est p
ath (SSSP)
 []

) (./async.tex
Overfull \hbox (7.6176pt too wide) in paragraph at lines 1--1
[]\secfnt AUTOMATIC ASYN-CHRONOUS AG-GRE-
 []

[3]
Overfull \hbox (8.46158pt too wide) in paragraph at lines 67--69
[]\OT1/cmr/m/n/9 The pre-vi-ous for-mula is the stan-dard com-put-ing for-mula,
but
 []


Overfull \hbox (2.747pt too wide) in paragraph at lines 84--84
[] 
 []

[4]

LaTeX Warning: Reference `sec:app:proof:convert' on page 5 undefined on input l
ine 132.

[5]
\c@corollary=\count145

Overfull \hbox (7.15924pt too wide) in paragraph at lines 156--158
[]\OT1/cmr/m/it/9 (\OT1/cmr/bx/it/9 Accumulative, Com-mu-ta-tive, and Or-
 []


Overfull \hbox (3.28143pt too wide) in paragraph at lines 164--165
\OT1/cmr/m/n/9 OR op-er-a-tor. Note that, SMT solver can-not an-swer ``whether
 []


LaTeX Warning: Reference `th:auto:4' on page 6 undefined on input line 169.

) (./system.tex
Package epstopdf Info: Source file: <fig/overview.eps>
(epstopdf)                    date: 2018-05-16 11:33:13
(epstopdf)                    size: 396339 bytes
(epstopdf)             Output file: <fig/overview-eps-converted-to.pdf>
(epstopdf)                    date: 2018-05-16 14:32:34
(epstopdf)                    size: 359136 bytes
(epstopdf)             Command: <repstopdf --outfile=fig/overview-eps-converted
-to.pdf fig/overview.eps>
(epstopdf)             \includegraphics on input line 8.
Package epstopdf Info: Output file is already uptodate.

<fig/overview-eps-converted-to.pdf, id=41, 508.90125pt x 384.43625pt>
File: fig/overview-eps-converted-to.pdf Graphic file (type pdf)

<use fig/overview-eps-converted-to.pdf>
Package pdftex.def Info: fig/overview-eps-converted-to.pdf used on input line 8
.
(pdftex.def)             Requested size: 231.26378pt x 174.70172pt.
 [6 <./fig/overview-eps-converted-to.pdf>]
Package epstopdf Info: Source file: <fig/flow.eps>
(epstopdf)                    date: 2018-05-16 11:33:13
(epstopdf)                    size: 248782 bytes
(epstopdf)             Output file: <fig/flow-eps-converted-to.pdf>
(epstopdf)                    date: 2018-05-16 14:32:35
(epstopdf)                    size: 44651 bytes
(epstopdf)             Command: <repstopdf --outfile=fig/flow-eps-converted-to.
pdf fig/flow.eps>
(epstopdf)             \includegraphics on input line 64.
Package epstopdf Info: Output file is already uptodate.
 <fig/flow-eps-converted-to.pdf, id=90, 427.5975pt x 273.02pt>
File: fig/flow-eps-converted-to.pdf Graphic file (type pdf)

<use fig/flow-eps-converted-to.pdf>
Package pdftex.def Info: fig/flow-eps-converted-to.pdf used on input line 64.
(pdftex.def)             Requested size: 202.35622pt x 129.20259pt.

Overfull \hbox (1.46158pt too wide) in paragraph at lines 80--81
\OT1/cmr/m/n/9 main-tains the com-pu-ta-tion states, which are ini-tial-ized ba
sed
 []

Package epstopdf Info: Source file: <fig/asynctable.eps>
(epstopdf)                    date: 2018-05-16 11:33:13
(epstopdf)                    size: 426101 bytes
(epstopdf)             Output file: <fig/asynctable-eps-converted-to.pdf>
(epstopdf)                    date: 2018-05-16 14:32:35
(epstopdf)                    size: 185321 bytes
(epstopdf)             Command: <repstopdf --outfile=fig/asynctable-eps-convert
ed-to.pdf fig/asynctable.eps>
(epstopdf)             \includegraphics on input line 84.
Package epstopdf Info: Output file is already uptodate.
<fig/asynctable-eps-converted-to.pdf, id=91, 497.86pt x 222.8325pt>
File: fig/asynctable-eps-converted-to.pdf Graphic file (type pdf)

<use fig/asynctable-eps-converted-to.pdf>
Package pdftex.def Info: fig/asynctable-eps-converted-to.pdf used on input line
 84.
(pdftex.def)             Requested size: 231.26378pt x 103.51064pt.
 [7 <./fig/flow-eps-converted-to.pdf>]
Package epstopdf Info: Source file: <fig/runtime.eps>
(epstopdf)                    date: 2018-05-16 11:33:13
(epstopdf)                    size: 317009 bytes
(epstopdf)             Output file: <fig/runtime-eps-converted-to.pdf>
(epstopdf)                    date: 2018-05-16 14:32:36
(epstopdf)                    size: 91901 bytes
(epstopdf)             Command: <repstopdf --outfile=fig/runtime-eps-converted-
to.pdf fig/runtime.eps>
(epstopdf)             \includegraphics on input line 105.
Package epstopdf Info: Output file is already uptodate.
<fig/runtime-eps-converted-to.pdf, id=109, 562.1pt x 379.4175pt>
File: fig/runtime-eps-converted-to.pdf Graphic file (type pdf)

<use fig/runtime-eps-converted-to.pdf>
Package pdftex.def Info: fig/runtime-eps-converted-to.pdf used on input line 10
5.
(pdftex.def)             Requested size: 209.58255pt x 141.46489pt.

Underfull \vbox (badness 1107) has occurred while \output is active []


Underfull \vbox (badness 2359) has occurred while \output is active []

 [8 <./fig/asynctable-eps-converted-to.pdf> <./fig/runtime-eps-converted-to.pdf
>])
(./expr.tex

LaTeX Warning: Reference `sec:expr:aggregations' on page 9 undefined on input l
ine 15.

Package epstopdf Info: Source file: <fig/single-result.eps>
(epstopdf)                    date: 2018-05-16 11:33:13
(epstopdf)                    size: 240831 bytes
(epstopdf)             Output file: <fig/single-result-eps-converted-to.pdf>
(epstopdf)                    date: 2018-05-16 14:32:36
(epstopdf)                    size: 29327 bytes
(epstopdf)             Command: <repstopdf --outfile=fig/single-result-eps-conv
erted-to.pdf fig/single-result.eps>
(epstopdf)             \includegraphics on input line 20.
Package epstopdf Info: Output file is already uptodate.
<fig/single-result-eps-converted-to.pdf, id=185, 499.8675pt x 265.99374pt>
File: fig/single-result-eps-converted-to.pdf Graphic file (type pdf)

<use fig/single-result-eps-converted-to.pdf>
Package pdftex.def Info: fig/single-result-eps-converted-to.pdf used on input l
ine 20.
(pdftex.def)             Requested size: 216.81pt x 115.36946pt.
Package epstopdf Info: Source file: <fig/dist-result.eps>
(epstopdf)                    date: 2018-05-16 11:33:13
(epstopdf)                    size: 246090 bytes
(epstopdf)             Output file: <fig/dist-result-eps-converted-to.pdf>
(epstopdf)                    date: 2018-05-16 14:32:36
(epstopdf)                    size: 30791 bytes
(epstopdf)             Command: <repstopdf --outfile=fig/dist-result-eps-conver
ted-to.pdf fig/dist-result.eps>
(epstopdf)             \includegraphics on input line 32.
Package epstopdf Info: Output file is already uptodate.

<fig/dist-result-eps-converted-to.pdf, id=186, 498.86375pt x 334.24875pt>
File: fig/dist-result-eps-converted-to.pdf Graphic file (type pdf)

<use fig/dist-result-eps-converted-to.pdf>
Package pdftex.def Info: fig/dist-result-eps-converted-to.pdf used on input lin
e 32.
(pdftex.def)             Requested size: 173.44756pt x 116.21358pt.
 Excluding 'comment' comment.
Overfull \hbox (11.7059pt too wide) in paragraph at lines 39--111
\OT1/cmr/m/n/9 GraphLab per-forms much bet-ter than asyn-chronous GraphLab,
 []

[9 <./fig/single-result-eps-converted-to.pdf> <./fig/dist-result-eps-converted-
to.pdf>]

LaTeX Warning: Reference `fig:single-optimize' on page 10 undefined on input li
ne 116.

Package epstopdf Info: Source file: <fig/single-scalability.eps>
(epstopdf)                    date: 2018-05-16 11:33:13
(epstopdf)                    size: 271437 bytes
(epstopdf)             Output file: <fig/single-scalability-eps-converted-to.pd
f>
(epstopdf)                    date: 2018-05-16 14:32:37
(epstopdf)                    size: 38529 bytes
(epstopdf)             Command: <repstopdf --outfile=fig/single-scalability-eps
-converted-to.pdf fig/single-scalability.eps>
(epstopdf)             \includegraphics on input line 122.
Package epstopdf Info: Output file is already uptodate.

<fig/single-scalability-eps-converted-to.pdf, id=229, 499.8675pt x 250.9375pt>
File: fig/single-scalability-eps-converted-to.pdf Graphic file (type pdf)

<use fig/single-scalability-eps-converted-to.pdf>
Package pdftex.def Info: fig/single-scalability-eps-converted-to.pdf used on in
put line 122.
(pdftex.def)             Requested size: 202.35622pt x 101.58318pt.
Package epstopdf Info: Source file: <fig/dist-scalability.eps>
(epstopdf)                    date: 2018-05-16 11:33:13
(epstopdf)                    size: 267921 bytes
(epstopdf)             Output file: <fig/dist-scalability-eps-converted-to.pdf>

(epstopdf)                    date: 2018-05-16 14:32:37
(epstopdf)                    size: 37964 bytes
(epstopdf)             Command: <repstopdf --outfile=fig/dist-scalability-eps-c
onverted-to.pdf fig/dist-scalability.eps>
(epstopdf)             \includegraphics on input line 130.
Package epstopdf Info: Output file is already uptodate.

<fig/dist-scalability-eps-converted-to.pdf, id=230, 499.8675pt x 235.88126pt>
File: fig/dist-scalability-eps-converted-to.pdf Graphic file (type pdf)

<use fig/dist-scalability-eps-converted-to.pdf>
Package pdftex.def Info: fig/dist-scalability-eps-converted-to.pdf used on inpu
t line 130.
(pdftex.def)             Requested size: 202.35622pt x 95.48819pt.


LaTeX Warning: Reference `tab:wrokload' on page 10 undefined on input line 147.


) (./con.tex
Overfull \hbox (4.19048pt too wide) in paragraph at lines 8--9
\OT1/cmr/bx/n/9 Asynchronous Com-pu-ta-tion in Graph An-a-lyt-ics \OT1/cmr/m/n/
9 Asyn-
 []


Overfull \hbox (1.36296pt too wide) in paragraph at lines 8--9
\OT1/cmr/m/n/9 asyn-chronous it-er-a-tive al-go-rithms with sparse com-pu-ta-ti
onal
 []


Overfull \hbox (2.69554pt too wide) in paragraph at lines 8--9
\OT1/cmr/m/n/9 chronous com-pu-ta-tion while keep-ing the vertex-centric model
 []


Overfull \hbox (1.37195pt too wide) in paragraph at lines 8--9
\OT1/cmr/m/n/9 Maiter [51] pro-poses delta-based asyn-chronous it-er-a-tive com
-
 []


Overfull \hbox (10.19865pt too wide) in paragraph at lines 8--9
\OT1/cmr/m/n/9 pu-ta-tion model (DAIC) and sup-ports dis-tributed asyn-chronous

 []


Overfull \hbox (2.4731pt too wide) in paragraph at lines 8--9
\OT1/cmr/m/n/9 graph com-pu-ta-tion in GPUs. Un-for-tu-nately, the above graph
 []

[10 <./fig/single-scalability-eps-converted-to.pdf> <./fig/dist-scalability-eps
-converted-to.pdf>]
Overfull \hbox (2.9935pt too wide) in paragraph at lines 16--17
\OT1/cmr/m/n/9 ma-chine learn-ing, some al-go-rithms with non-serializable lock
-
 []


Underfull \vbox (badness 10000) has occurred while \output is active []

)
(./vldb_sample.bbl [11]
Underfull \vbox (badness 10000) has occurred while \output is active []

)
(./appendix.tex
Underfull \vbox (badness 10000) has occurred while \output is active []

 [12]
Overfull \hbox (7.31824pt too wide) in paragraph at lines 17--17
[] 
 []


LaTeX Warning: Reference `sec:app:proof:convert' on page 13 undefined on input 
line 25.


Overfull \hbox (3.68217pt too wide) in paragraph at lines 46--46
[] 
 []


Overfull \hbox (2.10048pt too wide) in paragraph at lines 65--66
[]\OT1/cmr/m/n/9 Program 3 com-putes the con-nected com-po-nents in a graph.
 []

[13]
Overfull \hbox (3.0456pt too wide) in paragraph at lines 110--111
[]\OT1/cmr/m/n/9 Program 6 [45] com-putes the least com-mon an-ces-tor (LCA)
 []

Missing character: There is no Â in font cmr9!
Missing character: There is no ¡ in font cmr9!
Missing character: There is no Â in font cmr9!
Missing character: There is no ¯ in font cmr9!
Missing character: There is no Â in font cmr9!
Missing character: There is no ¡ in font cmr9!
Missing character: There is no Â in font cmr9!
Missing character: There is no ¯ in font cmr9!

Overfull \hbox (14.6781pt too wide) in paragraph at lines 168--169
\OT1/cmr/m/n/9 of in-ter-est at present day. The pred-i-cate \OT1/cmtt/m/n/9 Pa
rticles(pid,gid,t)
 []


Overfull \hbox (13.30554pt too wide) in paragraph at lines 194--195
[][][][][][][][][][][][][][][][][][][][][][][][][][][][][][][][][][][][][][][] 

 []

[14]
Package epstopdf Info: Source file: <fig/single-scalability.eps>
(epstopdf)                    date: 2018-05-16 11:33:13
(epstopdf)                    size: 271437 bytes
(epstopdf)             Output file: <fig/single-scalability-eps-converted-to.pd
f>
(epstopdf)                    date: 2018-05-16 14:32:37
(epstopdf)                    size: 38529 bytes
(epstopdf)             Command: <repstopdf --outfile=fig/single-scalability-eps
-converted-to.pdf fig/single-scalability.eps>
(epstopdf)             \includegraphics on input line 228.
Package epstopdf Info: Output file is already uptodate.
File: fig/single-scalability-eps-converted-to.pdf Graphic file (type pdf)
 <use fig/single-scalability-eps-converted-to.pdf>
Package pdftex.def Info: fig/single-scalability-eps-converted-to.pdf used on in
put line 228.
(pdftex.def)             Requested size: 202.35622pt x 101.58318pt.
Package epstopdf Info: Source file: <fig/dist-scalability.eps>
(epstopdf)                    date: 2018-05-16 11:33:13
(epstopdf)                    size: 267921 bytes
(epstopdf)             Output file: <fig/dist-scalability-eps-converted-to.pdf>

(epstopdf)                    date: 2018-05-16 14:32:37
(epstopdf)                    size: 37964 bytes
(epstopdf)             Command: <repstopdf --outfile=fig/dist-scalability-eps-c
onverted-to.pdf fig/dist-scalability.eps>
(epstopdf)             \includegraphics on input line 236.
Package epstopdf Info: Output file is already uptodate.
File: fig/dist-scalability-eps-converted-to.pdf Graphic file (type pdf)

<use fig/dist-scalability-eps-converted-to.pdf>
Package pdftex.def Info: fig/dist-scalability-eps-converted-to.pdf used on inpu
t line 236.
(pdftex.def)             Requested size: 202.35622pt x 95.48819pt.
 Excluding 'comment' comment.)
[15

] (./vldb_sample.aux)

LaTeX Warning: There were undefined references.


LaTeX Warning: There were multiply-defined labels.

 ) 
Here is how much of TeX's memory you used:
 6562 strings out of 494953
 97364 string characters out of 6180977
 218800 words of memory out of 5000000
 9673 multiletter control sequences out of 15000+600000
 31813 words of font info for 79 fonts, out of 8000000 for 9000
 14 hyphenation exceptions out of 8191
 41i,15n,38p,1957b,1509s stack positions out of 5000i,500n,10000p,200000b,80000s
{/usr/share/texlive/texmf-dist/fonts/enc/dvips/base/8r.enc}</usr/share/texliv
e/texmf-dist/fonts/type1/public/amsfonts/cm/cmbx8.pfb></usr/share/texlive/texmf
-dist/fonts/type1/public/amsfonts/cm/cmbx9.pfb></usr/share/texlive/texmf-dist/f
onts/type1/public/amsfonts/cm/cmbxti10.pfb></usr/share/texlive/texmf-dist/fonts
/type1/public/amsfonts/cm/cmcsc10.pfb></usr/share/texlive/texmf-dist/fonts/type
1/public/amsfonts/cmextra/cmex7.pfb></usr/share/texlive/texmf-dist/fonts/type1/
public/amsfonts/cmextra/cmex9.pfb></usr/share/texlive/texmf-dist/fonts/type1/pu
blic/amsfonts/cm/cmmi5.pfb></usr/share/texlive/texmf-dist/fonts/type1/public/am
sfonts/cm/cmmi6.pfb></usr/share/texlive/texmf-dist/fonts/type1/public/amsfonts/
cm/cmmi8.pfb></usr/share/texlive/texmf-dist/fonts/type1/public/amsfonts/cm/cmmi
9.pfb></usr/share/texlive/texmf-dist/fonts/type1/public/amsfonts/cm/cmr5.pfb></
usr/share/texlive/texmf-dist/fonts/type1/public/amsfonts/cm/cmr6.pfb></usr/shar
e/texlive/texmf-dist/fonts/type1/public/amsfonts/cm/cmr8.pfb></usr/share/texliv
e/texmf-dist/fonts/type1/public/amsfonts/cm/cmr9.pfb></usr/share/texlive/texmf-
dist/fonts/type1/public/amsfonts/cm/cmss12.pfb></usr/share/texlive/texmf-dist/f
onts/type1/public/amsfonts/cm/cmss8.pfb></usr/share/texlive/texmf-dist/fonts/ty
pe1/public/amsfonts/cm/cmsy5.pfb></usr/share/texlive/texmf-dist/fonts/type1/pub
lic/amsfonts/cm/cmsy6.pfb></usr/share/texlive/texmf-dist/fonts/type1/public/ams
fonts/cm/cmsy8.pfb></usr/share/texlive/texmf-dist/fonts/type1/public/amsfonts/c
m/cmsy9.pfb></usr/share/texlive/texmf-dist/fonts/type1/public/amsfonts/cm/cmti8
.pfb></usr/share/texlive/texmf-dist/fonts/type1/public/amsfonts/cm/cmti9.pfb></
usr/share/texlive/texmf-dist/fonts/type1/public/amsfonts/cm/cmtt8.pfb></usr/sha
re/texlive/texmf-dist/fonts/type1/public/amsfonts/cm/cmtt9.pfb></usr/share/texl
ive/texmf-dist/fonts/type1/urw/helvetic/uhvb8a.pfb></usr/share/texlive/texmf-di
st/fonts/type1/urw/helvetic/uhvr8a.pfb></usr/share/texlive/texmf-dist/fonts/typ
e1/urw/times/utmb8a.pfb></usr/share/texlive/texmf-dist/fonts/type1/urw/times/ut
mr8a.pfb></usr/share/texlive/texmf-dist/fonts/type1/urw/times/utmri8a.pfb>
Output written on vldb_sample.pdf (15 pages, 1207061 bytes).
PDF statistics:
 362 PDF objects out of 1000 (max. 8388607)
 173 compressed objects within 2 object streams
 0 named destinations out of 1000 (max. 500000)
 41 words of extra memory for PDF output out of 10000 (max. 10000000)

